Hmm ... looks like a package
This is pdfTeX, Version 3.14159265-2.6-1.40.19 (TeX Live 2018) (preloaded format=pdflatex)
 restricted \write18 enabled.
entering extended mode
(./Rd2.tex
LaTeX2e <2018-04-01> patch level 5

(/Users/colin/Library/TinyTeX/texmf-dist/tex/latex/base/book.cls
Document Class: book 2014/09/29 v1.4h Standard LaTeX document class
(/Users/colin/Library/TinyTeX/texmf-dist/tex/latex/base/bk10.clo))
(/Library/Frameworks/R.framework/Resources/share/texmf/tex/latex/Rd.sty
(/Users/colin/Library/TinyTeX/texmf-dist/tex/latex/base/ifthen.sty)
(/Users/colin/Library/TinyTeX/texmf-dist/tex/latex/tools/longtable.sty)
(/Users/colin/Library/TinyTeX/texmf-dist/tex/latex/tools/bm.sty)
(/Users/colin/Library/TinyTeX/texmf-dist/tex/latex/base/alltt.sty)
(/Users/colin/Library/TinyTeX/texmf-dist/tex/latex/tools/verbatim.sty)
(/Users/colin/Library/TinyTeX/texmf-dist/tex/latex/url/url.sty)
(/Users/colin/Library/TinyTeX/texmf-dist/tex/latex/base/textcomp.sty
(/Users/colin/Library/TinyTeX/texmf-dist/tex/latex/base/ts1enc.def
(/Users/colin/Library/TinyTeX/texmf-dist/tex/latex/base/ts1enc.dfu))))
(/Users/colin/Library/TinyTeX/texmf-dist/tex/latex/base/inputenc.sty)
No file Rd2.aux.
(/Users/colin/Library/TinyTeX/texmf-dist/tex/latex/base/ts1cmr.fd)

LaTeX Font Warning: Font shape `OML/cmtt/m/n' undefined
(Font)              using `OML/cmm/m/it' instead
(Font)              for symbol `textless' on input line 31.

No file Rd2.toc.
[1{/Users/colin/Library/TinyTeX/texmf-var/fonts/map/pdftex/updmap/pdftex.map}]
Overfull \hbox (11.65822pt too wide) in paragraph at lines 99--104
[]\OT1/cmr/m/n/10 This func-tion will parse a DE-SCRIP-TION file and cre-ate a 
Dock-er-file that re-motes::install[]cran
[2] (/Users/colin/Library/TinyTeX/texmf-dist/tex/latex/base/ts1cmtt.fd)
[3] [4] (./Rd2.aux)
kpathsea: Running mktexpk --mfmode / --bdpi 600 --mag 1+0/600 --dpi 600 tctt0900
mktexpk: Running mf-nowin -progname=mf \mode:=ljfour; mag:=1+0/600; nonstopmode; input tctt0900
This is METAFONT, Version 2.7182818 (TeX Live 2018) (preloaded base=mf)

(/Users/colin/Library/TinyTeX/texmf-dist/fonts/source/jknappen/ec/tctt0900.mf
(/Users/colin/Library/TinyTeX/texmf-dist/fonts/source/jknappen/ec/exbase.mf)
(/Users/colin/Library/TinyTeX/texmf-dist/fonts/source/jknappen/ec/tctt.mf
(/Users/colin/Library/TinyTeX/texmf-dist/fonts/source/jknappen/ec/txsymb.mf
 Ok
(/Users/colin/Library/TinyTeX/texmf-dist/fonts/source/jknappen/ec/exaccess.mf
 Ok)
(/Users/colin/Library/TinyTeX/texmf-dist/fonts/source/jknappen/ec/txpseudo.mf
 Ok)
(/Users/colin/Library/TinyTeX/texmf-dist/fonts/source/jknappen/ec/txaccent.mf
 Ok [0] [1] [2] [3] [4] [5] [6] [7] [8] [9] [10] [11] [12] [27] [29])
(/Users/colin/Library/TinyTeX/texmf-dist/fonts/source/jknappen/ec/txgen.mf
 Ok [100] [109] [98] [99] [108])
(/Users/colin/Library/TinyTeX/texmf-dist/fonts/source/jknappen/ec/txsymbol.mf
 Ok [13] [18] [21] [22] [23] [24] [25] [26] [28] [31] [32] [36] [39] [44]
[45] [46] [42] [47] [60] [61] [62] [77] [79] [87] [110] [91] [93] [94] [95]
[96] [126] [127] [128] [129] [130] [131] [132] [133] [134] [135] [136] [137]
[138] [139] [140] [141] [142] [143] [144] [145] [146] [147] [148] [149]
[150] [151] [152] [153] [154] [155] [156] [157] [158] [159] [160] [161]
[162] [163] [164] [165] [166] [167] [168] [169] [171] [172] [173] [174]
[175] [177] [176] [180] [181] [182] [183] [184] [187] [191] [214] [246])
(/Users/colin/Library/TinyTeX/texmf-dist/fonts/source/jknappen/ec/txromod.mf
 Ok [48] [49] [50] [51] [52] [53] [54] [55] [56] [57])
(/Users/colin/Library/TinyTeX/texmf-dist/fonts/source/jknappen/ec/txrsuper.mf
 Ok [185] [178] [179] [170] [186])
(/Users/colin/Library/TinyTeX/texmf-dist/fonts/source/jknappen/ec/txrfract.mf
 Ok [188] [189] [190]) ) ) )
Font metrics written on tctt0900.tfm.
Output written on tctt0900.600gf (128 characters, 17564 bytes).
Transcript written on tctt0900.log.
mktexpk: /Users/colin/.TinyTeX/texmf-var/fonts/pk/ljfour/jknappen/ec/tctt0900.600pk: successfully generated.


LaTeX Font Warning: Some font shapes were not available, defaults substituted.

 )
(see the transcript file for additional information) </Users/colin/.TinyTeX/tex
mf-var/fonts/pk/ljfour/jknappen/ec/tctt0900.600pk> </Users/colin/.TinyTeX/texmf
-var/fonts/pk/ljfour/jknappen/ec/tcrm1000.600pk></Users/colin/Library/TinyTeX/t
exmf-dist/fonts/type1/public/amsfonts/cm/cmbx10.pfb></Users/colin/Library/TinyT
eX/texmf-dist/fonts/type1/public/amsfonts/cm/cmbx12.pfb></Users/colin/Library/T
inyTeX/texmf-dist/fonts/type1/public/amsfonts/cm/cmmi10.pfb></Users/colin/Libra
ry/TinyTeX/texmf-dist/fonts/type1/public/amsfonts/cm/cmr10.pfb></Users/colin/Li
brary/TinyTeX/texmf-dist/fonts/type1/public/amsfonts/cm/cmr12.pfb></Users/colin
/Library/TinyTeX/texmf-dist/fonts/type1/public/amsfonts/cm/cmsl10.pfb></Users/c
olin/Library/TinyTeX/texmf-dist/fonts/type1/public/amsfonts/cm/cmss12.pfb></Use
rs/colin/Library/TinyTeX/texmf-dist/fonts/type1/public/amsfonts/cm/cmti10.pfb><
/Users/colin/Library/TinyTeX/texmf-dist/fonts/type1/public/amsfonts/cm/cmtt10.p
fb></Users/colin/Library/TinyTeX/texmf-dist/fonts/type1/public/amsfonts/cm/cmtt
9.pfb>
Output written on Rd2.pdf (4 pages, 133349 bytes).
Transcript written on Rd2.log.
This is pdfTeX, Version 3.14159265-2.6-1.40.19 (TeX Live 2018) (preloaded format=pdflatex)
 restricted \write18 enabled.
entering extended mode
(./Rd2.tex
LaTeX2e <2018-04-01> patch level 5

(/Users/colin/Library/TinyTeX/texmf-dist/tex/latex/base/book.cls
Document Class: book 2014/09/29 v1.4h Standard LaTeX document class
(/Users/colin/Library/TinyTeX/texmf-dist/tex/latex/base/bk10.clo))
(/Library/Frameworks/R.framework/Resources/share/texmf/tex/latex/Rd.sty
(/Users/colin/Library/TinyTeX/texmf-dist/tex/latex/base/ifthen.sty)
(/Users/colin/Library/TinyTeX/texmf-dist/tex/latex/tools/longtable.sty)
(/Users/colin/Library/TinyTeX/texmf-dist/tex/latex/tools/bm.sty)
(/Users/colin/Library/TinyTeX/texmf-dist/tex/latex/base/alltt.sty)
(/Users/colin/Library/TinyTeX/texmf-dist/tex/latex/tools/verbatim.sty)
(/Users/colin/Library/TinyTeX/texmf-dist/tex/latex/url/url.sty)
(/Users/colin/Library/TinyTeX/texmf-dist/tex/latex/base/textcomp.sty
(/Users/colin/Library/TinyTeX/texmf-dist/tex/latex/base/ts1enc.def
(/Users/colin/Library/TinyTeX/texmf-dist/tex/latex/base/ts1enc.dfu))))
(/Users/colin/Library/TinyTeX/texmf-dist/tex/latex/base/inputenc.sty)
(./Rd2.aux) (/Users/colin/Library/TinyTeX/texmf-dist/tex/latex/base/ts1cmr.fd)

LaTeX Font Warning: Font shape `OML/cmtt/m/n' undefined
(Font)              using `OML/cmm/m/it' instead
(Font)              for symbol `textless' on input line 31.

(./Rd2.toc) [1{/Users/colin/Library/TinyTeX/texmf-var/fonts/map/pdftex/updmap/p
dftex.map}] [2]
Overfull \hbox (11.65822pt too wide) in paragraph at lines 99--104
[]\OT1/cmr/m/n/10 This func-tion will parse a DE-SCRIP-TION file and cre-ate a 
Dock-er-file that re-motes::install[]cran
(/Users/colin/Library/TinyTeX/texmf-dist/tex/latex/base/ts1cmtt.fd) [3]
[4] (./Rd2.aux)

LaTeX Font Warning: Some font shapes were not available, defaults substituted.

 )
(see the transcript file for additional information) </Users/colin/.TinyTeX/tex
mf-var/fonts/pk/ljfour/jknappen/ec/tctt0900.600pk> </Users/colin/.TinyTeX/texmf
-var/fonts/pk/ljfour/jknappen/ec/tcrm1000.600pk></Users/colin/Library/TinyTeX/t
exmf-dist/fonts/type1/public/amsfonts/cm/cmbx10.pfb></Users/colin/Library/TinyT
eX/texmf-dist/fonts/type1/public/amsfonts/cm/cmbx12.pfb></Users/colin/Library/T
inyTeX/texmf-dist/fonts/type1/public/amsfonts/cm/cmmi10.pfb></Users/colin/Libra
ry/TinyTeX/texmf-dist/fonts/type1/public/amsfonts/cm/cmr10.pfb></Users/colin/Li
brary/TinyTeX/texmf-dist/fonts/type1/public/amsfonts/cm/cmr12.pfb></Users/colin
/Library/TinyTeX/texmf-dist/fonts/type1/public/amsfonts/cm/cmsl10.pfb></Users/c
olin/Library/TinyTeX/texmf-dist/fonts/type1/public/amsfonts/cm/cmss12.pfb></Use
rs/colin/Library/TinyTeX/texmf-dist/fonts/type1/public/amsfonts/cm/cmti10.pfb><
/Users/colin/Library/TinyTeX/texmf-dist/fonts/type1/public/amsfonts/cm/cmtt10.p
fb></Users/colin/Library/TinyTeX/texmf-dist/fonts/type1/public/amsfonts/cm/cmtt
9.pfb>
Output written on Rd2.pdf (4 pages, 133453 bytes).
Transcript written on Rd2.log.
Saving output to ‘dockerfiler-manual.pdf’ ...
Done
You may want to clean up by 'rm -rf /var/folders/5z/rm2h62lj45d332kfpj28c8zm0000gn/T//Rtmpz8dsoH/Rd2pdf88ae104b2975'
