Hmm ... looks like a package
This is pdfTeX, Version 3.14159265-2.6-1.40.19 (TeX Live 2018) (preloaded format=pdflatex)
 restricted \write18 enabled.
entering extended mode
(./Rd2.tex
LaTeX2e <2018-04-01> patch level 5

(/Users/colin/Library/TinyTeX/texmf-dist/tex/latex/base/book.cls
Document Class: book 2014/09/29 v1.4h Standard LaTeX document class
(/Users/colin/Library/TinyTeX/texmf-dist/tex/latex/base/bk10.clo))
(/Library/Frameworks/R.framework/Resources/share/texmf/tex/latex/Rd.sty
(/Users/colin/Library/TinyTeX/texmf-dist/tex/latex/base/ifthen.sty)
(/Users/colin/Library/TinyTeX/texmf-dist/tex/latex/tools/longtable.sty)
(/Users/colin/Library/TinyTeX/texmf-dist/tex/latex/tools/bm.sty)
(/Users/colin/Library/TinyTeX/texmf-dist/tex/latex/base/alltt.sty)
(/Users/colin/Library/TinyTeX/texmf-dist/tex/latex/tools/verbatim.sty)
(/Users/colin/Library/TinyTeX/texmf-dist/tex/latex/url/url.sty)
(/Users/colin/Library/TinyTeX/texmf-dist/tex/latex/base/textcomp.sty
(/Users/colin/Library/TinyTeX/texmf-dist/tex/latex/base/ts1enc.def
(/Users/colin/Library/TinyTeX/texmf-dist/tex/latex/base/ts1enc.dfu))))
(/Users/colin/Library/TinyTeX/texmf-dist/tex/latex/base/inputenc.sty)
No file Rd2.aux.
(/Users/colin/Library/TinyTeX/texmf-dist/tex/latex/base/ts1cmr.fd)

LaTeX Font Warning: Font shape `OML/cmtt/m/n' undefined
(Font)              using `OML/cmm/m/it' instead
(Font)              for symbol `textless' on input line 41.

No file Rd2.toc.
[1{/Users/colin/Library/TinyTeX/texmf-var/fonts/map/pdftex/updmap/pdftex.map}]
[2] [3]
Overfull \hbox (30.02594pt too wide) in paragraph at lines 222--222
 []\OT1/cmtt/m/n/9 con <- neo4j_api$new(url = "http://localhost:7474", user = "
neo4j", password = "password")[] 
[4] [5] [6] [7] [8] (./Rd2.aux)

LaTeX Font Warning: Some font shapes were not available, defaults substituted.

 )
(see the transcript file for additional information) </Users/colin/.TinyTeX/tex
mf-var/fonts/pk/ljfour/jknappen/ec/tcrm1000.600pk></Users/colin/Library/TinyTeX
/texmf-dist/fonts/type1/public/amsfonts/cm/cmbx10.pfb></Users/colin/Library/Tin
yTeX/texmf-dist/fonts/type1/public/amsfonts/cm/cmbx12.pfb></Users/colin/Library
/TinyTeX/texmf-dist/fonts/type1/public/amsfonts/cm/cmmi10.pfb></Users/colin/Lib
rary/TinyTeX/texmf-dist/fonts/type1/public/amsfonts/cm/cmr10.pfb></Users/colin/
Library/TinyTeX/texmf-dist/fonts/type1/public/amsfonts/cm/cmr12.pfb></Users/col
in/Library/TinyTeX/texmf-dist/fonts/type1/public/amsfonts/cm/cmsl10.pfb></Users
/colin/Library/TinyTeX/texmf-dist/fonts/type1/public/amsfonts/cm/cmss12.pfb></U
sers/colin/Library/TinyTeX/texmf-dist/fonts/type1/public/amsfonts/cm/cmti10.pfb
></Users/colin/Library/TinyTeX/texmf-dist/fonts/type1/public/amsfonts/cm/cmtt10
.pfb></Users/colin/Library/TinyTeX/texmf-dist/fonts/type1/public/amsfonts/cm/cm
tt9.pfb>
Output written on Rd2.pdf (8 pages, 138593 bytes).
Transcript written on Rd2.log.
This is pdfTeX, Version 3.14159265-2.6-1.40.19 (TeX Live 2018) (preloaded format=pdflatex)
 restricted \write18 enabled.
entering extended mode
(./Rd2.tex
LaTeX2e <2018-04-01> patch level 5

(/Users/colin/Library/TinyTeX/texmf-dist/tex/latex/base/book.cls
Document Class: book 2014/09/29 v1.4h Standard LaTeX document class
(/Users/colin/Library/TinyTeX/texmf-dist/tex/latex/base/bk10.clo))
(/Library/Frameworks/R.framework/Resources/share/texmf/tex/latex/Rd.sty
(/Users/colin/Library/TinyTeX/texmf-dist/tex/latex/base/ifthen.sty)
(/Users/colin/Library/TinyTeX/texmf-dist/tex/latex/tools/longtable.sty)
(/Users/colin/Library/TinyTeX/texmf-dist/tex/latex/tools/bm.sty)
(/Users/colin/Library/TinyTeX/texmf-dist/tex/latex/base/alltt.sty)
(/Users/colin/Library/TinyTeX/texmf-dist/tex/latex/tools/verbatim.sty)
(/Users/colin/Library/TinyTeX/texmf-dist/tex/latex/url/url.sty)
(/Users/colin/Library/TinyTeX/texmf-dist/tex/latex/base/textcomp.sty
(/Users/colin/Library/TinyTeX/texmf-dist/tex/latex/base/ts1enc.def
(/Users/colin/Library/TinyTeX/texmf-dist/tex/latex/base/ts1enc.dfu))))
(/Users/colin/Library/TinyTeX/texmf-dist/tex/latex/base/inputenc.sty)
(./Rd2.aux) (/Users/colin/Library/TinyTeX/texmf-dist/tex/latex/base/ts1cmr.fd)

LaTeX Font Warning: Font shape `OML/cmtt/m/n' undefined
(Font)              using `OML/cmm/m/it' instead
(Font)              for symbol `textless' on input line 41.

(./Rd2.toc [1{/Users/colin/Library/TinyTeX/texmf-var/fonts/map/pdftex/updmap/pd
ftex.map}]) [2] [3]
Overfull \hbox (30.02594pt too wide) in paragraph at lines 222--222
 []\OT1/cmtt/m/n/9 con <- neo4j_api$new(url = "http://localhost:7474", user = "
neo4j", password = "password")[] 
[4] [5] [6] [7] [8] (./Rd2.aux)

LaTeX Font Warning: Some font shapes were not available, defaults substituted.

 )
(see the transcript file for additional information) </Users/colin/.TinyTeX/tex
mf-var/fonts/pk/ljfour/jknappen/ec/tcrm1000.600pk></Users/colin/Library/TinyTeX
/texmf-dist/fonts/type1/public/amsfonts/cm/cmbx10.pfb></Users/colin/Library/Tin
yTeX/texmf-dist/fonts/type1/public/amsfonts/cm/cmbx12.pfb></Users/colin/Library
/TinyTeX/texmf-dist/fonts/type1/public/amsfonts/cm/cmmi10.pfb></Users/colin/Lib
rary/TinyTeX/texmf-dist/fonts/type1/public/amsfonts/cm/cmr10.pfb></Users/colin/
Library/TinyTeX/texmf-dist/fonts/type1/public/amsfonts/cm/cmr12.pfb></Users/col
in/Library/TinyTeX/texmf-dist/fonts/type1/public/amsfonts/cm/cmsl10.pfb></Users
/colin/Library/TinyTeX/texmf-dist/fonts/type1/public/amsfonts/cm/cmss12.pfb></U
sers/colin/Library/TinyTeX/texmf-dist/fonts/type1/public/amsfonts/cm/cmti10.pfb
></Users/colin/Library/TinyTeX/texmf-dist/fonts/type1/public/amsfonts/cm/cmtt10
.pfb></Users/colin/Library/TinyTeX/texmf-dist/fonts/type1/public/amsfonts/cm/cm
tt9.pfb>
Output written on Rd2.pdf (8 pages, 139309 bytes).
Transcript written on Rd2.log.
Saving output to ‘neo4r-manual.pdf’ ...
Done
You may want to clean up by 'rm -rf /var/folders/5z/rm2h62lj45d332kfpj28c8zm0000gn/T//Rtmp8Qkavr/Rd2pdf9a214f43440b'
