Hmm ... looks like a package
This is pdfTeX, Version 3.14159265-2.6-1.40.19 (TeX Live 2018) (preloaded format=pdflatex)
 restricted \write18 enabled.
entering extended mode
(./Rd2.tex
LaTeX2e <2018-04-01> patch level 5

(/Users/colin/Library/TinyTeX/texmf-dist/tex/latex/base/book.cls
Document Class: book 2014/09/29 v1.4h Standard LaTeX document class
(/Users/colin/Library/TinyTeX/texmf-dist/tex/latex/base/bk10.clo))
(/Library/Frameworks/R.framework/Resources/share/texmf/tex/latex/Rd.sty
(/Users/colin/Library/TinyTeX/texmf-dist/tex/latex/base/ifthen.sty)
(/Users/colin/Library/TinyTeX/texmf-dist/tex/latex/tools/longtable.sty)
(/Users/colin/Library/TinyTeX/texmf-dist/tex/latex/tools/bm.sty)
(/Users/colin/Library/TinyTeX/texmf-dist/tex/latex/base/alltt.sty)
(/Users/colin/Library/TinyTeX/texmf-dist/tex/latex/tools/verbatim.sty)
(/Users/colin/Library/TinyTeX/texmf-dist/tex/latex/url/url.sty)
(/Users/colin/Library/TinyTeX/texmf-dist/tex/latex/base/textcomp.sty
(/Users/colin/Library/TinyTeX/texmf-dist/tex/latex/base/ts1enc.def
(/Users/colin/Library/TinyTeX/texmf-dist/tex/latex/base/ts1enc.dfu))))
(/Users/colin/Library/TinyTeX/texmf-dist/tex/latex/base/inputenc.sty)
No file Rd2.aux.
(/Users/colin/Library/TinyTeX/texmf-dist/tex/latex/base/ts1cmr.fd)

LaTeX Font Warning: Font shape `OML/cmtt/m/n' undefined
(Font)              using `OML/cmm/m/it' instead
(Font)              for symbol `textless' on input line 30.

No file Rd2.toc.
(/Users/colin/Library/TinyTeX/texmf-dist/tex/latex/base/ts1cmtt.fd) [1{/Users/c
olin/Library/TinyTeX/texmf-var/fonts/map/pdftex/updmap/pdftex.map}] [2]
Overfull \hbox (6.40121pt too wide) in paragraph at lines 150--150
 []\OT1/cmtt/m/n/9 proust <- tidy_comb_all(c("Albertine", "Fran^^Xcoise", "Gilb
erte", "Odette", "Charles"))[] 
[3] (./Rd2.aux)

LaTeX Font Warning: Some font shapes were not available, defaults substituted.

 )
(see the transcript file for additional information) </Users/colin/.TinyTeX/tex
mf-var/fonts/pk/ljfour/jknappen/ec/tctt1000.600pk> </Users/colin/.TinyTeX/texmf
-var/fonts/pk/ljfour/jknappen/ec/tcrm1000.600pk></Users/colin/Library/TinyTeX/t
exmf-dist/fonts/type1/public/amsfonts/cm/cmbx10.pfb></Users/colin/Library/TinyT
eX/texmf-dist/fonts/type1/public/amsfonts/cm/cmbx12.pfb></Users/colin/Library/T
inyTeX/texmf-dist/fonts/type1/public/amsfonts/cm/cmmi10.pfb></Users/colin/Libra
ry/TinyTeX/texmf-dist/fonts/type1/public/amsfonts/cm/cmr10.pfb></Users/colin/Li
brary/TinyTeX/texmf-dist/fonts/type1/public/amsfonts/cm/cmr12.pfb></Users/colin
/Library/TinyTeX/texmf-dist/fonts/type1/public/amsfonts/cm/cmsl10.pfb></Users/c
olin/Library/TinyTeX/texmf-dist/fonts/type1/public/amsfonts/cm/cmss12.pfb></Use
rs/colin/Library/TinyTeX/texmf-dist/fonts/type1/public/amsfonts/cm/cmti10.pfb><
/Users/colin/Library/TinyTeX/texmf-dist/fonts/type1/public/amsfonts/cm/cmtt10.p
fb></Users/colin/Library/TinyTeX/texmf-dist/fonts/type1/public/amsfonts/cm/cmtt
9.pfb>
Output written on Rd2.pdf (3 pages, 124533 bytes).
Transcript written on Rd2.log.
This is pdfTeX, Version 3.14159265-2.6-1.40.19 (TeX Live 2018) (preloaded format=pdflatex)
 restricted \write18 enabled.
entering extended mode
(./Rd2.tex
LaTeX2e <2018-04-01> patch level 5

(/Users/colin/Library/TinyTeX/texmf-dist/tex/latex/base/book.cls
Document Class: book 2014/09/29 v1.4h Standard LaTeX document class
(/Users/colin/Library/TinyTeX/texmf-dist/tex/latex/base/bk10.clo))
(/Library/Frameworks/R.framework/Resources/share/texmf/tex/latex/Rd.sty
(/Users/colin/Library/TinyTeX/texmf-dist/tex/latex/base/ifthen.sty)
(/Users/colin/Library/TinyTeX/texmf-dist/tex/latex/tools/longtable.sty)
(/Users/colin/Library/TinyTeX/texmf-dist/tex/latex/tools/bm.sty)
(/Users/colin/Library/TinyTeX/texmf-dist/tex/latex/base/alltt.sty)
(/Users/colin/Library/TinyTeX/texmf-dist/tex/latex/tools/verbatim.sty)
(/Users/colin/Library/TinyTeX/texmf-dist/tex/latex/url/url.sty)
(/Users/colin/Library/TinyTeX/texmf-dist/tex/latex/base/textcomp.sty
(/Users/colin/Library/TinyTeX/texmf-dist/tex/latex/base/ts1enc.def
(/Users/colin/Library/TinyTeX/texmf-dist/tex/latex/base/ts1enc.dfu))))
(/Users/colin/Library/TinyTeX/texmf-dist/tex/latex/base/inputenc.sty)
(./Rd2.aux) (/Users/colin/Library/TinyTeX/texmf-dist/tex/latex/base/ts1cmr.fd)

LaTeX Font Warning: Font shape `OML/cmtt/m/n' undefined
(Font)              using `OML/cmm/m/it' instead
(Font)              for symbol `textless' on input line 30.

(./Rd2.toc) (/Users/colin/Library/TinyTeX/texmf-dist/tex/latex/base/ts1cmtt.fd)
 [1{/Users/colin/Library/TinyTeX/texmf-var/fonts/map/pdftex/updmap/pdftex.map}]
 [2]
Overfull \hbox (6.40121pt too wide) in paragraph at lines 150--150
 []\OT1/cmtt/m/n/9 proust <- tidy_comb_all(c("Albertine", "Fran^^Xcoise", "Gilb
erte", "Odette", "Charles"))[] 
[3] (./Rd2.aux)

LaTeX Font Warning: Some font shapes were not available, defaults substituted.

 )
(see the transcript file for additional information) </Users/colin/.TinyTeX/tex
mf-var/fonts/pk/ljfour/jknappen/ec/tctt1000.600pk> </Users/colin/.TinyTeX/texmf
-var/fonts/pk/ljfour/jknappen/ec/tcrm1000.600pk></Users/colin/Library/TinyTeX/t
exmf-dist/fonts/type1/public/amsfonts/cm/cmbx10.pfb></Users/colin/Library/TinyT
eX/texmf-dist/fonts/type1/public/amsfonts/cm/cmbx12.pfb></Users/colin/Library/T
inyTeX/texmf-dist/fonts/type1/public/amsfonts/cm/cmmi10.pfb></Users/colin/Libra
ry/TinyTeX/texmf-dist/fonts/type1/public/amsfonts/cm/cmr10.pfb></Users/colin/Li
brary/TinyTeX/texmf-dist/fonts/type1/public/amsfonts/cm/cmr12.pfb></Users/colin
/Library/TinyTeX/texmf-dist/fonts/type1/public/amsfonts/cm/cmsl10.pfb></Users/c
olin/Library/TinyTeX/texmf-dist/fonts/type1/public/amsfonts/cm/cmss12.pfb></Use
rs/colin/Library/TinyTeX/texmf-dist/fonts/type1/public/amsfonts/cm/cmti10.pfb><
/Users/colin/Library/TinyTeX/texmf-dist/fonts/type1/public/amsfonts/cm/cmtt10.p
fb></Users/colin/Library/TinyTeX/texmf-dist/fonts/type1/public/amsfonts/cm/cmtt
9.pfb>
Output written on Rd2.pdf (3 pages, 124695 bytes).
Transcript written on Rd2.log.
Saving output to ‘tidystringdist-manual.pdf’ ...
Done
You may want to clean up by 'rm -rf /var/folders/5z/rm2h62lj45d332kfpj28c8zm0000gn/T//RtmpG8PNg2/Rd2pdfb22f50a0a6e9'
